<?xml version="1.0" encoding="UTF-8"?>
<!-- Generated by org.testng.reporters.JUnitReportReporter -->
<testsuite hostname="LAPTOP-MB7DGVQG" failures="0" tests="1" name="another.NewTestV3" time="0.004" errors="0" timestamp="2024-05-05T17:06:49 IST" skipped="0">
  <testcase classname="another.NewTestV3" name="f" time="0.004"/>
  <system-out/>
</testsuite> <!-- another.NewTestV3 -->
