<?xml version="1.0" encoding="UTF-8"?>
<!-- Generated by org.testng.reporters.JUnitReportReporter -->
<testsuite hostname="LAPTOP-MB7DGVQG" failures="0" tests="1" name="com.stc.NewTestv2" time="0.002" errors="0" timestamp="2024-05-05T17:06:49 IST" skipped="0">
  <testcase classname="com.stc.NewTestv2" name="f" time="0.002"/>
  <system-out/>
</testsuite> <!-- com.stc.NewTestv2 -->
