<?xml version="1.0" encoding="UTF-8"?>
<!-- Generated by org.testng.reporters.JUnitReportReporter -->
<testsuite hostname="LAPTOP-MB7DGVQG" failures="0" tests="2" name="com.stc.NewTestv1" time="0.006" errors="0" timestamp="2024-05-05T16:47:00 IST" skipped="0">
  <testcase classname="com.stc.NewTestv1" name="f" time="0.001"/>
  <system-out/>
  <testcase classname="com.stc.NewTestv1" name="f" time="0.005"/>
  <system-out/>
</testsuite> <!-- com.stc.NewTestv1 -->
